This is pdfTeX, Version 3.1415926-2.3-1.40.12 (MiKTeX 2.9) (preloaded format=pdflatex 2011.12.30)  4 JAN 2012 15:17
entering extended mode
**C:/Users/Sharon/Documents/Work/GestureRecog/hmmreport/hmmreport.tex
(C:/Users/Sharon/Documents/Work/GestureRecog/hmmreport/hmmreport.tex
LaTeX2e <2011/06/27>
Babel <v3.8m> and hyphenation patterns for english, afrikaans, ancientgreek, ar
abic, armenian, assamese, basque, bengali, bokmal, bulgarian, catalan, coptic, 
croatian, czech, danish, dutch, esperanto, estonian, farsi, finnish, french, ga
lician, german, german-x-2009-06-19, greek, gujarati, hindi, hungarian, iceland
ic, indonesian, interlingua, irish, italian, kannada, kurmanji, lao, latin, lat
vian, lithuanian, malayalam, marathi, mongolian, mongolianlmc, monogreek, ngerm
an, ngerman-x-2009-06-19, nynorsk, oriya, panjabi, pinyin, polish, portuguese, 
romanian, russian, sanskrit, serbian, slovak, slovenian, spanish, swedish, swis
sgerman, tamil, telugu, turkish, turkmen, ukenglish, ukrainian, uppersorbian, u
senglishmax, welsh, loaded.
("C:\Program Files (x86)\MiKTeX 2.9\tex\latex\base\report.cls"
Document Class: report 2007/10/19 v1.4h Standard LaTeX document class
("C:\Program Files (x86)\MiKTeX 2.9\tex\latex\base\size10.clo"
File: size10.clo 2007/10/19 v1.4h Standard LaTeX file (size option)
)
\c@part=\count79
\c@chapter=\count80
\c@section=\count81
\c@subsection=\count82
\c@subsubsection=\count83
\c@paragraph=\count84
\c@subparagraph=\count85
\c@figure=\count86
\c@table=\count87
\abovecaptionskip=\skip41
\belowcaptionskip=\skip42
\bibindent=\dimen102
)
(C:\Users\Sharon\AppData\Roaming\MiKTeX\2.9\tex\latex\preprint\fullpage.sty
Package: fullpage 1999/02/23 1.1 (PWD)
\FP@margin=\skip43
)
("C:\Program Files (x86)\MiKTeX 2.9\tex\latex\geometry\geometry.sty"
Package: geometry 2010/09/12 v5.6 Page Geometry

("C:\Program Files (x86)\MiKTeX 2.9\tex\latex\graphics\keyval.sty"
Package: keyval 1999/03/16 v1.13 key=value parser (DPC)
\KV@toks@=\toks14
)
("C:\Program Files (x86)\MiKTeX 2.9\tex\generic\oberdiek\ifpdf.sty"
Package: ifpdf 2011/01/30 v2.3 Provides the ifpdf switch (HO)
Package ifpdf Info: pdfTeX in PDF mode is detected.
)
("C:\Program Files (x86)\MiKTeX 2.9\tex\generic\oberdiek\ifvtex.sty"
Package: ifvtex 2010/03/01 v1.5 Switches for detecting VTeX and its modes (HO)
Package ifvtex Info: VTeX not detected.
)
("C:\Program Files (x86)\MiKTeX 2.9\tex\generic\ifxetex\ifxetex.sty"
Package: ifxetex 2010/09/12 v0.6 Provides ifxetex conditional
)
\Gm@cnth=\count88
\Gm@cntv=\count89
\c@Gm@tempcnt=\count90
\Gm@bindingoffset=\dimen103
\Gm@wd@mp=\dimen104
\Gm@odd@mp=\dimen105
\Gm@even@mp=\dimen106
\Gm@layoutwidth=\dimen107
\Gm@layoutheight=\dimen108
\Gm@layouthoffset=\dimen109
\Gm@layoutvoffset=\dimen110
\Gm@dimlist=\toks15

("C:\Program Files (x86)\MiKTeX 2.9\tex\latex\geometry\geometry.cfg"))
(C:\Users\Sharon\AppData\Roaming\MiKTeX\2.9\tex\latex\setspace\setspace.sty
Package: setspace 2011/12/19 v6.7a set line spacing
)
("C:\Program Files (x86)\MiKTeX 2.9\tex\latex\tools\array.sty"
Package: array 2008/09/09 v2.4c Tabular extension package (FMi)
\col@sep=\dimen111
\extrarowheight=\dimen112
\NC@list=\toks16
\extratabsurround=\skip44
\backup@length=\skip45
)
("C:\Program Files (x86)\MiKTeX 2.9\tex\latex\graphics\graphicx.sty"
Package: graphicx 1999/02/16 v1.0f Enhanced LaTeX Graphics (DPC,SPQR)

("C:\Program Files (x86)\MiKTeX 2.9\tex\latex\graphics\graphics.sty"
Package: graphics 2009/02/05 v1.0o Standard LaTeX Graphics (DPC,SPQR)

("C:\Program Files (x86)\MiKTeX 2.9\tex\latex\graphics\trig.sty"
Package: trig 1999/03/16 v1.09 sin cos tan (DPC)
)
("C:\Program Files (x86)\MiKTeX 2.9\tex\latex\00miktex\graphics.cfg"
File: graphics.cfg 2007/01/18 v1.5 graphics configuration of teTeX/TeXLive
)
Package graphics Info: Driver file: pdftex.def on input line 91.

("C:\Program Files (x86)\MiKTeX 2.9\tex\latex\pdftex-def\pdftex.def"
File: pdftex.def 2011/05/27 v0.06d Graphics/color for pdfTeX

("C:\Program Files (x86)\MiKTeX 2.9\tex\generic\oberdiek\infwarerr.sty"
Package: infwarerr 2010/04/08 v1.3 Providing info/warning/message (HO)
)
("C:\Program Files (x86)\MiKTeX 2.9\tex\generic\oberdiek\ltxcmds.sty"
Package: ltxcmds 2011/04/18 v1.20 LaTeX kernel commands for general use (HO)
)
\Gread@gobject=\count91
))
\Gin@req@height=\dimen113
\Gin@req@width=\dimen114
)
(C:\Users\Sharon\AppData\Roaming\MiKTeX\2.9\tex\latex\subfig\subfig.sty
Package: subfig 2005/06/28 ver: 1.3 subfig package

(C:\Users\Sharon\AppData\Roaming\MiKTeX\2.9\tex\latex\caption\caption.sty
Package: caption 2011/11/10 v3.2e Customizing captions (AR)

(C:\Users\Sharon\AppData\Roaming\MiKTeX\2.9\tex\latex\caption\caption3.sty
Package: caption3 2011/11/01 v1.4a caption3 kernel (AR)
\captionmargin=\dimen115
\captionmargin@=\dimen116
\captionwidth=\dimen117
\caption@indent=\dimen118
\caption@parindent=\dimen119
\caption@hangindent=\dimen120
)
\c@ContinuedFloat=\count92
)
\c@KVtest=\count93
\sf@farskip=\skip46
\sf@captopadj=\dimen121
\sf@capskip=\skip47
\sf@nearskip=\skip48
\c@subfigure=\count94
\c@subfigure@save=\count95
\c@lofdepth=\count96
\c@subtable=\count97
\c@subtable@save=\count98
\c@lotdepth=\count99
\sf@top=\skip49
\sf@bottom=\skip50
)
(C:\Users\Sharon\Documents\Work\GestureRecog\hmmreport\hmmreport.aux)
LaTeX Font Info:    Checking defaults for OML/cmm/m/it on input line 10.
LaTeX Font Info:    ... okay on input line 10.
LaTeX Font Info:    Checking defaults for T1/cmr/m/n on input line 10.
LaTeX Font Info:    ... okay on input line 10.
LaTeX Font Info:    Checking defaults for OT1/cmr/m/n on input line 10.
LaTeX Font Info:    ... okay on input line 10.
LaTeX Font Info:    Checking defaults for OMS/cmsy/m/n on input line 10.
LaTeX Font Info:    ... okay on input line 10.
LaTeX Font Info:    Checking defaults for OMX/cmex/m/n on input line 10.
LaTeX Font Info:    ... okay on input line 10.
LaTeX Font Info:    Checking defaults for U/cmr/m/n on input line 10.
LaTeX Font Info:    ... okay on input line 10.

*geometry* driver: auto-detecting
*geometry* detected driver: pdftex
*geometry* verbose mode - [ preamble ] result:
* driver: pdftex
* paper: <default>
* layout: <same size as paper>
* layoutoffset:(h,v)=(0.0pt,0.0pt)
* modes: 
* h-part:(L,W,R)=(90.3375pt, 469.755pt, 54.2025pt)
* v-part:(T,H,B)=(54.2025pt, 686.56499pt, 54.2025pt)
* \paperwidth=614.295pt
* \paperheight=794.96999pt
* \textwidth=469.755pt
* \textheight=686.56499pt
* \oddsidemargin=18.0675pt
* \evensidemargin=18.0675pt
* \topmargin=-18.06749pt
* \headheight=0.0pt
* \headsep=0.0pt
* \topskip=10.0pt
* \footskip=30.0pt
* \marginparwidth=65.0pt
* \marginparsep=11.0pt
* \columnsep=10.0pt
* \skip\footins=9.0pt plus 4.0pt minus 2.0pt
* \hoffset=0.0pt
* \voffset=0.0pt
* \mag=1000
* \@twocolumnfalse
* \@twosidefalse
* \@mparswitchfalse
* \@reversemarginfalse
* (1in=72.27pt=25.4mm, 1cm=28.453pt)

(C:\Users\Sharon\AppData\Roaming\MiKTeX\2.9\tex\context\base\supp-pdf.mkii
[Loading MPS to PDF converter (version 2006.09.02).]
\scratchcounter=\count100
\scratchdimen=\dimen122
\scratchbox=\box26
\nofMPsegments=\count101
\nofMParguments=\count102
\everyMPshowfont=\toks17
\MPscratchCnt=\count103
\MPscratchDim=\dimen123
\MPnumerator=\count104
\makeMPintoPDFobject=\count105
\everyMPtoPDFconversion=\toks18
)
Package caption Info: Begin \AtBeginDocument code.
Package caption Info: subfig package v1.3 is loaded.
Package caption Info: End \AtBeginDocument code.
LaTeX Font Info:    External font `cmex10' loaded for size
(Font)              <12> on input line 16.
LaTeX Font Info:    External font `cmex10' loaded for size
(Font)              <8> on input line 16.
LaTeX Font Info:    External font `cmex10' loaded for size
(Font)              <6> on input line 16.
 [1

{C:/Users/Sharon/AppData/Local/MiKTeX/2.9/pdftex/config/pdftex.map}]
LaTeX Font Info:    External font `cmex10' loaded for size
(Font)              <7> on input line 19.
LaTeX Font Info:    External font `cmex10' loaded for size
(Font)              <5> on input line 19.

[1]
Chapter 1.
[1

]
Chapter 2.
[2

] [3] [4]
Chapter 3.

Overfull \hbox (5.89299pt too wide) in paragraph at lines 62--72
 [][] 
 []

[5

] [6] <kms-2.png, id=34, 309.155pt x 344.28625pt>
File: kms-2.png Graphic file (type png)
 <use kms-2.png>
Package pdftex.def Info: kms-2.png used on input line 115.
(pdftex.def)             Requested size: 140.92793pt x 156.94467pt.

<kms-11.png, id=35, 302.12875pt x 344.28625pt>
File: kms-11.png Graphic file (type png)
 <use kms-11.png>
Package pdftex.def Info: kms-11.png used on input line 116.
(pdftex.def)             Requested size: 140.92793pt x 160.59052pt.

<kms-18.png, id=36, 278.03876pt x 344.28625pt>
File: kms-18.png Graphic file (type png)
 <use kms-18.png>
Package pdftex.def Info: kms-18.png used on input line 117.
(pdftex.def)             Requested size: 140.92793pt x 174.50671pt.
 [7 <C:/Users/Sharon/Documents/Work/GestureRecog/hmmreport/kms-2.png> <C:/Users
/Sharon/Documents/Work/GestureRecog/hmmreport/kms-11.png> <C:/Users/Sharon/Docu
ments/Work/GestureRecog/hmmreport/kms-18.png>]
Missing character: There is no   in font cmr10!
Missing character: There is no   in font cmr10!
Missing character: There is no   in font cmr10!
Missing character: There is no   in font cmr10!
Missing character: There is no   in font cmr10!
Missing character: There is no   in font cmr10!
Missing character: There is no   in font cmr10!
Missing character: There is no   in font cmr10!
Missing character: There is no   in font cmr10!
Missing character: There is no   in font cmr10!
Missing character: There is no   in font cmr10!
Missing character: There is no   in font cmr10!
Missing character: There is no   in font cmr10!
Missing character: There is no   in font cmr10!
Missing character: There is no   in font cmr10!
Missing character: There is no   in font cmr10!
Missing character: There is no   in font cmr10!
Missing character: There is no   in font cmr10!
Missing character: There is no   in font cmr10!
Missing character: There is no   in font cmr10!
Missing character: There is no   in font cmr10!
Missing character: There is no   in font cmr10!
Missing character: There is no   in font cmr10!
Missing character: There is no   in font cmr10!
Missing character: There is no   in font cmr10!
Missing character: There is no   in font cmr10!
Missing character: There is no   in font cmr10!
Missing character: There is no   in font cmr10!
Missing character: There is no   in font cmr10!
Missing character: There is no   in font cmr10!
Missing character: There is no   in font cmr10!
Missing character: There is no   in font cmr10!
Missing character: There is no   in font cmr10!
Missing character: There is no   in font cmr10!
Missing character: There is no   in font cmr10!
Missing character: There is no   in font cmr10!
Missing character: There is no   in font cmr10!
Missing character: There is no   in font cmr10!
Missing character: There is no   in font cmr10!
Missing character: There is no   in font cmr10!
Missing character: There is no   in font cmr10!
Missing character: There is no   in font cmr10!
Missing character: There is no   in font cmr10!
Missing character: There is no   in font cmr10!
Missing character: There is no   in font cmr10!
Missing character: There is no   in font cmr10!
Missing character: There is no   in font cmr10!
Missing character: There is no   in font cmr10!
Missing character: There is no   in font cmr10!
Missing character: There is no   in font cmr10!
Missing character: There is no   in font cmr10!
Missing character: There is no   in font cmr10!
Missing character: There is no   in font cmr10!
Missing character: There is no   in font cmr10!
Missing character: There is no   in font cmr10!
Missing character: There is no   in font cmr10!
Missing character: There is no   in font cmr10!
Missing character: There is no   in font cmr10!
Missing character: There is no   in font cmr10!
Missing character: There is no   in font cmr10!
Missing character: There is no   in font cmr10!
Missing character: There is no   in font cmr10!
Missing character: There is no   in font cmr10!
Missing character: There is no   in font cmr10!
Missing character: There is no   in font cmr10!
Missing character: There is no   in font cmr10!
Missing character: There is no   in font cmr10!
Missing character: There is no   in font cmr10!
Missing character: There is no   in font cmr10!
Missing character: There is no   in font cmr10!
Missing character: There is no   in font cmr10!
Missing character: There is no   in font cmr10!
Missing character: There is no   in font cmr10!
Missing character: There is no   in font cmr10!
Missing character: There is no   in font cmr10!
Missing character: There is no   in font cmr10!
Missing character: There is no   in font cmr10!
Missing character: There is no   in font cmr10!
Missing character: There is no   in font cmr10!
Missing character: There is no   in font cmr10!
Missing character: There is no   in font cmr10!
Missing character: There is no   in font cmr10!
Missing character: There is no   in font cmr10!
Missing character: There is no   in font cmr10!
Missing character: There is no   in font cmr10!
Missing character: There is no   in font cmr10!
Missing character: There is no   in font cmr10!
Missing character: There is no   in font cmr10!
Missing character: There is no   in font cmr10!
Missing character: There is no   in font cmr10!
Missing character: There is no   in font cmr10!
Missing character: There is no   in font cmr10!
Missing character: There is no   in font cmr10!
Missing character: There is no   in font cmr10!
Missing character: There is no   in font cmr10!
Missing character: There is no   in font cmr10!
Missing character: There is no   in font cmr10!
Missing character: There is no   in font cmr10!
Missing character: There is no   in font cmr10!
Missing character: There is no   in font cmr10!
Missing character: There is no   in font cmr10!
Missing character: There is no   in font cmr10!
Missing character: There is no   in font cmr10!
Missing character: There is no   in font cmr10!
Missing character: There is no   in font cmr10!
Missing character: There is no   in font cmr10!
Missing character: There is no   in font cmr10!
Missing character: There is no   in font cmr10!
Missing character: There is no   in font cmr10!
Missing character: There is no   in font cmr10!
Missing character: There is no   in font cmr10!
Missing character: There is no   in font cmr10!
Missing character: There is no   in font cmr10!
Missing character: There is no   in font cmr10!
Missing character: There is no   in font cmr10!
Missing character: There is no   in font cmr10!
Missing character: There is no   in font cmr10!
Missing character: There is no   in font cmr10!
Missing character: There is no   in font cmr10!
Missing character: There is no   in font cmr10!
Missing character: There is no   in font cmr10!
Missing character: There is no   in font cmr10!
Missing character: There is no   in font cmr10!
Missing character: There is no   in font cmr10!
Missing character: There is no   in font cmr10!
Missing character: There is no   in font cmr10!
Missing character: There is no   in font cmr10!
Missing character: There is no   in font cmr10!
Missing character: There is no   in font cmr10!
Missing character: There is no   in font cmr10!
Missing character: There is no   in font cmr10!
Missing character: There is no   in font cmr10!
Missing character: There is no   in font cmr10!
Missing character: There is no   in font cmr10!
Missing character: There is no   in font cmr10!
Missing character: There is no   in font cmr10!
Missing character: There is no   in font cmr10!
Missing character: There is no   in font cmr10!
Missing character: There is no   in font cmr10!
Missing character: There is no   in font cmr10!
Missing character: There is no   in font cmr10!
Missing character: There is no   in font cmr10!
Missing character: There is no   in font cmr10!
Missing character: There is no   in font cmr10!
Missing character: There is no   in font cmr10!
Missing character: There is no   in font cmr10!
Missing character: There is no   in font cmr10!
Missing character: There is no   in font cmr10!
Missing character: There is no   in font cmr10!
Missing character: There is no   in font cmr10!
Missing character: There is no   in font cmr10!
Missing character: There is no   in font cmr10!
Missing character: There is no   in font cmr10!
Missing character: There is no   in font cmr10!
Missing character: There is no   in font cmr10!
Missing character: There is no   in font cmr10!
Missing character: There is no   in font cmr10!
Missing character: There is no   in font cmr10!
Missing character: There is no   in font cmr10!
Missing character: There is no   in font cmr10!
Missing character: There is no   in font cmr10!
Missing character: There is no   in font cmr10!
Missing character: There is no   in font cmr10!
Missing character: There is no   in font cmr10!
Missing character: There is no   in font cmr10!
Missing character: There is no   in font cmr10!
Missing character: There is no   in font cmr10!
Missing character: There is no   in font cmr10!
Missing character: There is no   in font cmr10!
Missing character: There is no   in font cmr10!
Missing character: There is no   in font cmr10!
Missing character: There is no   in font cmr10!
Missing character: There is no   in font cmr10!
Missing character: There is no   in font cmr10!
Missing character: There is no   in font cmr10!
Missing character: There is no   in font cmr10!
Missing character: There is no   in font cmr10!
Missing character: There is no   in font cmr10!
Missing character: There is no   in font cmr10!
Missing character: There is no   in font cmr10!
Missing character: There is no   in font cmr10!
Missing character: There is no   in font cmr10!
Missing character: There is no   in font cmr10!
Missing character: There is no   in font cmr10!
Missing character: There is no   in font cmr10!
Missing character: There is no   in font cmr10!
Missing character: There is no   in font cmr10!
Missing character: There is no   in font cmr10!
 [8] [9]
Chapter 4.
[10

]

LaTeX Warning: Empty `thebibliography' environment on input line 173.

[11

] (C:\Users\Sharon\Documents\Work\GestureRecog\hmmreport\hmmreport.aux) ) 
Here is how much of TeX's memory you used:
 2915 strings out of 494045
 45268 string characters out of 3145965
 112789 words of memory out of 3000000
 6208 multiletter control sequences out of 15000+200000
 9275 words of font info for 33 fonts, out of 3000000 for 9000
 715 hyphenation exceptions out of 8191
 44i,9n,46p,1612b,347s stack positions out of 5000i,500n,10000p,200000b,50000s
<C:/Pr
ogram Files (x86)/MiKTeX 2.9/fonts/type1/public/amsfonts/cm/cmbx10.pfb><C:/Prog
ram Files (x86)/MiKTeX 2.9/fonts/type1/public/amsfonts/cm/cmbx12.pfb><C:/Progra
m Files (x86)/MiKTeX 2.9/fonts/type1/public/amsfonts/cm/cmr10.pfb><C:/Program F
iles (x86)/MiKTeX 2.9/fonts/type1/public/amsfonts/cm/cmr12.pfb><C:/Program File
s (x86)/MiKTeX 2.9/fonts/type1/public/amsfonts/cm/cmr17.pfb><C:/Program Files (
x86)/MiKTeX 2.9/fonts/type1/public/amsfonts/cm/cmr7.pfb><C:/Program Files (x86)
/MiKTeX 2.9/fonts/type1/public/amsfonts/cm/cmr8.pfb><C:/Program Files (x86)/MiK
TeX 2.9/fonts/type1/public/amsfonts/cm/cmtt10.pfb>
Output written on hmmreport.pdf (13 pages, 131151 bytes).
PDF statistics:
 80 PDF objects out of 1000 (max. 8388607)
 0 named destinations out of 1000 (max. 500000)
 16 words of extra memory for PDF output out of 10000 (max. 10000000)

